<?xml version="1.0" encoding="UTF-8"?>
<testsuite name="SillyTest" tests="5" skipped="0" failures="0" errors="0" timestamp="2022-09-16T23:04:14" hostname="NOEL-DESKTOP" time="0.071">
  <properties/>
  <testcase name="testTask1" classname="SillyTest" time="0.044"/>
  <testcase name="testTask2" classname="SillyTest" time="0.016"/>
  <testcase name="testTask3" classname="SillyTest" time="0.004"/>
  <testcase name="testTask4" classname="SillyTest" time="0.003"/>
  <testcase name="testTask5" classname="SillyTest" time="0.002"/>
  <system-out><![CDATA[]]></system-out>
  <system-err><![CDATA[]]></system-err>
</testsuite>
